<html>
<head>
<title>TestNG:  YandexTest test</title>
<link href="../testng.css" rel="stylesheet" type="text/css" />
<link href="../my-testng.css" rel="stylesheet" type="text/css" />

<style type="text/css">
.log { display: none;} 
.stack-trace { display: none;} 
</style>
<script type="text/javascript">
<!--
function flip(e) {
  current = e.style.display;
  if (current == 'block') {
    e.style.display = 'none';
    return 0;
  }
  else {
    e.style.display = 'block';
    return 1;
  }
}

function toggleBox(szDivId, elem, msg1, msg2)
{
  var res = -1;  if (document.getElementById) {
    res = flip(document.getElementById(szDivId));
  }
  else if (document.all) {
    // this is the way old msie versions work
    res = flip(document.all[szDivId]);
  }
  if(elem) {
    if(res == 0) elem.innerHTML = msg1; else elem.innerHTML = msg2;
  }

}

function toggleAllBoxes() {
  if (document.getElementsByTagName) {
    d = document.getElementsByTagName('div');
    for (i = 0; i < d.length; i++) {
      if (d[i].className == 'log') {
        flip(d[i]);
      }
    }
  }
}

// -->
</script>

</head>
<body>
<h2 align='center'>YandexTest test</h2><table border='1' align="center">
<tr>
<td>Tests passed/Failed/Skipped:</td><td>0/0/8</td>
</tr><tr>
<td>Started on:</td><td>Mon Sep 05 13:52:41 MSK 2016</td>
</tr>
<tr><td>Total time:</td><td>45 seconds (45616 ms)</td>
</tr><tr>
<td>Included groups:</td><td></td>
</tr><tr>
<td>Excluded groups:</td><td></td>
</tr>
</table><p/>
<small><i>(Hover the method name to see the test class name)</i></small><p/>
<table width='100%' border='1' class='invocation-failed'>
<tr><td colspan='4' align='center'><b>FAILED CONFIGURATIONS</b></td></tr>
<tr><td><b>Test method</b></td>
<td width="30%"><b>Exception</b></td>
<td width="10%"><b>Time (seconds)</b></td>
<td><b>Instance</b></td>
</tr>
<tr>
<td title='com.epam.java.khokholko_tatiana.framework.YandexTest.startBrowser()'><b>startBrowser</b><br>Test class: com.epam.java.khokholko_tatiana.framework.YandexTest<br/>
<a href="#Output-989938643" onClick='toggleBox("Output-989938643", this, "Show output", "Hide output");'>Show output</a>

<a href="#Output-989938643" onClick="toggleAllBoxes();">Show all outputs</a>
<div class='log' id="Output-989938643">
 WARN work.YandexTest#  44: start 'startBrowser'<br><br/>
 WARN work.YandexTest#  45: startBrowser 'delete old screenshots'<br><br/>
</div>
</td>
<td><div><pre>org.openqa.selenium.WebDriverException: Failed to connect to binary FirefoxBinary(C:\Program Files\Mozilla Firefox\firefox.exe) on port 7055; process output follows: 
DEBUG	getModTime: Recursive scan of {972ce4c6-7e08-4474-a285-3208198ce6fd}
1473072762158	DeferredSave.extensions.json	DEBUG	Save changes
1473072762158	addons.xpi	DEBUG	Updating database with changes to installed add-ons
1473072762158	addons.xpi-utils	DEBUG	Updating add-on states
1473072762158	addons.xpi-utils	DEBUG	Writing add-ons list
1473072762160	addons.xpi	DEBUG	Registering manifest for C:\Program Files\Mozilla Firefox\browser\features\e10srollout@mozilla.org.xpi
1473072762160	addons.xpi	DEBUG	Calling bootstrap method startup on e10srollout@mozilla.org version 1.0
1473072762160	addons.xpi	DEBUG	Registering manifest for C:\Program Files\Mozilla Firefox\browser\features\firefox@getpocket.com.xpi
1473072762161	addons.xpi	DEBUG	Calling bootstrap method startup on firefox@getpocket.com version 1.0.2
1473072762161	addons.xpi	DEBUG	Registering manifest for C:\Program Files\Mozilla Firefox\browser\features\loop@mozilla.org.xpi
1473072762162	addons.xpi	DEBUG	Calling bootstrap method startup on loop@mozilla.org version 1.3.2
1473072762172	addons.manager	DEBUG	Registering shutdown blocker for XPIProvider
1473072762172	addons.manager	DEBUG	Provider finished startup: XPIProvider
1473072762172	addons.manager	DEBUG	Starting provider: LightweightThemeManager
1473072762172	addons.manager	DEBUG	Registering shutdown blocker for LightweightThemeManager
1473072762173	addons.manager	DEBUG	Provider finished startup: LightweightThemeManager
1473072762173	addons.manager	DEBUG	Starting provider: GMPProvider
1473072762176	addons.manager	DEBUG	Registering shutdown blocker for GMPProvider
1473072762177	addons.manager	DEBUG	Provider finished startup: GMPProvider
1473072762177	addons.manager	DEBUG	Starting provider: PluginProvider
1473072762177	addons.manager	DEBUG	Registering shutdown blocker for PluginProvider
1473072762177	addons.manager	DEBUG	Provider finished startup: PluginProvider
1473072762177	addons.manager	DEBUG	Completed startup sequence
1473072762490	addons.manager	DEBUG	Starting provider: &lt;unnamed-provider&gt;
1473072762490	addons.manager	DEBUG	Registering shutdown blocker for &lt;unnamed-provider&gt;
1473072762490	addons.manager	DEBUG	Provider finished startup: &lt;unnamed-provider&gt;
1473072762491	DeferredSave.extensions.json	DEBUG	Starting write
1473072762670	addons.repository	DEBUG	No addons.json found.
1473072762671	DeferredSave.addons.json	DEBUG	Save changes
1473072762672	DeferredSave.addons.json	DEBUG	Starting timer
1473072762686	addons.manager	DEBUG	Starting provider: PreviousExperimentProvider
1473072762686	addons.manager	DEBUG	Registering shutdown blocker for PreviousExperimentProvider
1473072762686	addons.manager	DEBUG	Provider finished startup: PreviousExperimentProvider
1473072762687	DeferredSave.extensions.json	DEBUG	Write succeeded
1473072762687	addons.xpi-utils	DEBUG	XPI Database saved, setting schema version preference to 17
1473072762723	DeferredSave.addons.json	DEBUG	Starting write
1473072762755	DeferredSave.addons.json	DEBUG	Write succeeded
1473072773436	addons.xpi	DEBUG	Calling bootstrap method shutdown on e10srollout@mozilla.org version 1.0
1473072773437	addons.xpi	DEBUG	Calling bootstrap method shutdown on firefox@getpocket.com version 1.0.2
1473072773437	addons.xpi	DEBUG	Calling bootstrap method shutdown on loop@mozilla.org version 1.3.2
1473072773537	addons.manager	DEBUG	shutdown
1473072773537	addons.manager	DEBUG	Calling shutdown blocker for XPIProvider
1473072773537	addons.xpi	DEBUG	shutdown
1473072773537	addons.xpi-utils	DEBUG	shutdown
1473072773538	addons.manager	DEBUG	Calling shutdown blocker for LightweightThemeManager
1473072773538	addons.manager	DEBUG	Calling shutdown blocker for GMPProvider
1473072773539	addons.manager	DEBUG	Calling shutdown blocker for PluginProvider
1473072773539	addons.manager	DEBUG	Calling shutdown blocker for &lt;unnamed-provider&gt;
1473072773540	addons.manager	DEBUG	Calling shutdown blocker for PreviousExperimentProvider
1473072773543	addons.xpi	DEBUG	Notifying XPI shutdown observers
1473072773545	addons.manager	DEBUG	Async provider shutdown done

Build info: version: &apos;2.53.0&apos;, revision: &apos;35ae25b1534ae328c771e0856c93e187490ca824&apos;, time: &apos;2016-03-15 10:43:46&apos;
System info: host: &apos;EPRURYAW0774&apos;, ip: &apos;10.19.9.192&apos;, os.name: &apos;Windows 10&apos;, os.arch: &apos;amd64&apos;, os.version: &apos;10.0&apos;, java.version: &apos;1.8.0_101&apos;
Driver info: driver.version: Driver
	at org.openqa.selenium.firefox.internal.NewProfileExtensionConnection.start(NewProfileExtensionConnection.java:125)
	at org.openqa.selenium.firefox.FirefoxDriver.startClient(FirefoxDriver.java:271)
	at org.openqa.selenium.remote.RemoteWebDriver.&lt;init&gt;(RemoteWebDriver.java:119)
	at org.openqa.selenium.firefox.FirefoxDriver.&lt;init&gt;(FirefoxDriver.java:216)
	at org.openqa.selenium.firefox.FirefoxDriver.&lt;init&gt;(FirefoxDriver.java:211)
	at org.openqa.selenium.firefox.FirefoxDriver.&lt;init&gt;(FirefoxDriver.java:207)
	at org.openqa.selenium.firefox.FirefoxDriver.&lt;init&gt;(FirefoxDriver.java:120)
	at com.epam.java.khokholko_tatiana.framework.ui.Driver.getWebDriverInstance(Driver.java:14)
	at com.epam.java.khokholko_tatiana.framework.YandexTest.startBrowser(YandexTest.java:46)
	at com.epam.java.khokholko_tatiana.framework.runner.Runner.run(Runner.java:39)
	at com.epam.java.khokholko_tatiana.framework.runner.Runner.main(Runner.java:17)
Caused by: org.openqa.selenium.firefox.NotConnectedException: Unable to connect to host 127.0.0.1 on port 7055 after 45000 ms. Firefox console output:
DEBUG	getModTime: Recursive scan of {972ce4c6-7e08-4474-a285-3208198ce6fd}
1473072762158	DeferredSave.extensions.json	DEBUG	Save changes
1473072762158	addons.xpi	DEBUG	Updating database with changes to installed add-ons
1473072762158	addons.xpi-utils	DEBUG	Updating add-on states
1473072762158	addons.xpi-utils	DEBUG	Writing add-ons list
1473072762160	addons.xpi	DEBUG	Registering manifest for C:\Program Files\Mozilla Firefox\browser\features\e10srollout@mozilla.org.xpi
1473072762160	addons.xpi	DEBUG	Calling bootstrap method startup on e10srollout@mozilla.org version 1.0
1473072762160	addons.xpi	DEBUG	Registering manifest for C:\Program Files\Mozilla Firefox\browser\features\firefox@getpocket.com.xpi
1473072762161	addons.xpi	DEBUG	Calling bootstrap method startup on firefox@getpocket.com version 1.0.2
1473072762161	addons.xpi	DEBUG	Registering manifest for C:\Program Files\Mozilla Firefox\browser\features\loop@mozilla.org.xpi
1473072762162	addons.xpi	DEBUG	Calling bootstrap method startup on loop@mozilla.org version 1.3.2
1473072762172	addons.manager	DEBUG	Registering shutdown blocker for XPIProvider
1473072762172	addons.manager	DEBUG	Provider finished startup: XPIProvider
1473072762172	addons.manager	DEBUG	Starting provider: LightweightThemeManager
1473072762172	addons.manager	DEBUG	Registering shutdown blocker for LightweightThemeManager
1473072762173	addons.manager	DEBUG	Provider finished startup: LightweightThemeManager
1473072762173	addons.manager	DEBUG	Starting provider: GMPProvider
1473072762176	addons.manager	DEBUG	Registering shutdown blocker for GMPProvider
1473072762177	addons.manager	DEBUG	Provider finished startup: GMPProvider
1473072762177	addons.manager	DEBUG	Starting provider: PluginProvider
1473072762177	addons.manager	DEBUG	Registering shutdown blocker for PluginProvider
1473072762177	addons.manager	DEBUG	Provider finished startup: PluginProvider
1473072762177	addons.manager	DEBUG	Completed startup sequence
1473072762490	addons.manager	DEBUG	Starting provider: &lt;unnamed-provider&gt;
1473072762490	addons.manager	DEBUG	Registering shutdown blocker for &lt;unnamed-provider&gt;
1473072762490	addons.manager	DEBUG	Provider finished startup: &lt;unnamed-provider&gt;
1473072762491	DeferredSave.extensions.json	DEBUG	Starting write
1473072762670	addons.repository	DEBUG	No addons.json found.
1473072762671	DeferredSave.addons.json	DEBUG	Save changes
1473072762672	DeferredSave.addons.json	DEBUG	Starting timer
1473072762686	addons.manager	DEBUG	Starting provider: PreviousExperimentProvider
1473072762686	addons.manager	DEBUG	Registering shutdown blocker for PreviousExperimentProvider
1473072762686	addons.manager	DEBUG	Provider finished startup: PreviousExperimentProvider
1473072762687	DeferredSave.extensions.json	DEBUG	Write succeeded
1473072762687	addons.xpi-utils	DEBUG	XPI Database saved, setting schema version preference to 17
1473072762723	DeferredSave.addons.json	DEBUG	Starting write
1473072762755	DeferredSave.addons.json	DEBUG	Write succeeded
1473072773436	addons.xpi	DEBUG	Calling bootstrap method shutdown on e10srollout@mozilla.org version 1.0
1473072773437	addons.xpi	DEBUG	Calling bootstrap method shutdown on firefox@getpocket.com version 1.0.2
1473072773437	addons.xpi	DEBUG	Calling bootstrap method shutdown on loop@mozilla.org version 1.3.2
1473072773537	addons.manager	DEBUG	shutdown
1473072773537	addons.manager	DEBUG	Calling shutdown blocker for XPIProvider
1473072773537	addons.xpi	DEBUG	shutdown
1473072773537	addons.xpi-utils	DEBUG	shutdown
1473072773538	addons.manager	DEBUG	Calling shutdown blocker for LightweightThemeManager
1473072773538	addons.manager	DEBUG	Calling shutdown blocker for GMPProvider
1473072773539	addons.manager	DEBUG	Calling shutdown blocker for PluginProvider
1473072773539	addons.manager	DEBUG	Calling shutdown blocker for &lt;unnamed-provider&gt;
1473072773540	addons.manager	DEBUG	Calling shutdown blocker for PreviousExperimentProvider
1473072773543	addons.xpi	DEBUG	Notifying XPI shutdown observers
1473072773545	addons.manager	DEBUG	Async provider shutdown done

	at org.openqa.selenium.firefox.internal.NewProfileExtensionConnection.start(NewProfileExtensionConnection.java:113)
	... 29 more
... Removed 19 stack frames</pre></div><a href='#' onClick='toggleBox("stack-trace989938643", this, "Click to show all stack frames", "Click to hide stack frames")'>Click to show all stack frames</a>
<div class='stack-trace' id='stack-trace989938643'><pre>org.openqa.selenium.WebDriverException: Failed to connect to binary FirefoxBinary(C:\Program Files\Mozilla Firefox\firefox.exe) on port 7055; process output follows: 
DEBUG	getModTime: Recursive scan of {972ce4c6-7e08-4474-a285-3208198ce6fd}
1473072762158	DeferredSave.extensions.json	DEBUG	Save changes
1473072762158	addons.xpi	DEBUG	Updating database with changes to installed add-ons
1473072762158	addons.xpi-utils	DEBUG	Updating add-on states
1473072762158	addons.xpi-utils	DEBUG	Writing add-ons list
1473072762160	addons.xpi	DEBUG	Registering manifest for C:\Program Files\Mozilla Firefox\browser\features\e10srollout@mozilla.org.xpi
1473072762160	addons.xpi	DEBUG	Calling bootstrap method startup on e10srollout@mozilla.org version 1.0
1473072762160	addons.xpi	DEBUG	Registering manifest for C:\Program Files\Mozilla Firefox\browser\features\firefox@getpocket.com.xpi
1473072762161	addons.xpi	DEBUG	Calling bootstrap method startup on firefox@getpocket.com version 1.0.2
1473072762161	addons.xpi	DEBUG	Registering manifest for C:\Program Files\Mozilla Firefox\browser\features\loop@mozilla.org.xpi
1473072762162	addons.xpi	DEBUG	Calling bootstrap method startup on loop@mozilla.org version 1.3.2
1473072762172	addons.manager	DEBUG	Registering shutdown blocker for XPIProvider
1473072762172	addons.manager	DEBUG	Provider finished startup: XPIProvider
1473072762172	addons.manager	DEBUG	Starting provider: LightweightThemeManager
1473072762172	addons.manager	DEBUG	Registering shutdown blocker for LightweightThemeManager
1473072762173	addons.manager	DEBUG	Provider finished startup: LightweightThemeManager
1473072762173	addons.manager	DEBUG	Starting provider: GMPProvider
1473072762176	addons.manager	DEBUG	Registering shutdown blocker for GMPProvider
1473072762177	addons.manager	DEBUG	Provider finished startup: GMPProvider
1473072762177	addons.manager	DEBUG	Starting provider: PluginProvider
1473072762177	addons.manager	DEBUG	Registering shutdown blocker for PluginProvider
1473072762177	addons.manager	DEBUG	Provider finished startup: PluginProvider
1473072762177	addons.manager	DEBUG	Completed startup sequence
1473072762490	addons.manager	DEBUG	Starting provider: &lt;unnamed-provider&gt;
1473072762490	addons.manager	DEBUG	Registering shutdown blocker for &lt;unnamed-provider&gt;
1473072762490	addons.manager	DEBUG	Provider finished startup: &lt;unnamed-provider&gt;
1473072762491	DeferredSave.extensions.json	DEBUG	Starting write
1473072762670	addons.repository	DEBUG	No addons.json found.
1473072762671	DeferredSave.addons.json	DEBUG	Save changes
1473072762672	DeferredSave.addons.json	DEBUG	Starting timer
1473072762686	addons.manager	DEBUG	Starting provider: PreviousExperimentProvider
1473072762686	addons.manager	DEBUG	Registering shutdown blocker for PreviousExperimentProvider
1473072762686	addons.manager	DEBUG	Provider finished startup: PreviousExperimentProvider
1473072762687	DeferredSave.extensions.json	DEBUG	Write succeeded
1473072762687	addons.xpi-utils	DEBUG	XPI Database saved, setting schema version preference to 17
1473072762723	DeferredSave.addons.json	DEBUG	Starting write
1473072762755	DeferredSave.addons.json	DEBUG	Write succeeded
1473072773436	addons.xpi	DEBUG	Calling bootstrap method shutdown on e10srollout@mozilla.org version 1.0
1473072773437	addons.xpi	DEBUG	Calling bootstrap method shutdown on firefox@getpocket.com version 1.0.2
1473072773437	addons.xpi	DEBUG	Calling bootstrap method shutdown on loop@mozilla.org version 1.3.2
1473072773537	addons.manager	DEBUG	shutdown
1473072773537	addons.manager	DEBUG	Calling shutdown blocker for XPIProvider
1473072773537	addons.xpi	DEBUG	shutdown
1473072773537	addons.xpi-utils	DEBUG	shutdown
1473072773538	addons.manager	DEBUG	Calling shutdown blocker for LightweightThemeManager
1473072773538	addons.manager	DEBUG	Calling shutdown blocker for GMPProvider
1473072773539	addons.manager	DEBUG	Calling shutdown blocker for PluginProvider
1473072773539	addons.manager	DEBUG	Calling shutdown blocker for &lt;unnamed-provider&gt;
1473072773540	addons.manager	DEBUG	Calling shutdown blocker for PreviousExperimentProvider
1473072773543	addons.xpi	DEBUG	Notifying XPI shutdown observers
1473072773545	addons.manager	DEBUG	Async provider shutdown done

Build info: version: &apos;2.53.0&apos;, revision: &apos;35ae25b1534ae328c771e0856c93e187490ca824&apos;, time: &apos;2016-03-15 10:43:46&apos;
System info: host: &apos;EPRURYAW0774&apos;, ip: &apos;10.19.9.192&apos;, os.name: &apos;Windows 10&apos;, os.arch: &apos;amd64&apos;, os.version: &apos;10.0&apos;, java.version: &apos;1.8.0_101&apos;
Driver info: driver.version: Driver
	at org.openqa.selenium.firefox.internal.NewProfileExtensionConnection.start(NewProfileExtensionConnection.java:125)
	at org.openqa.selenium.firefox.FirefoxDriver.startClient(FirefoxDriver.java:271)
	at org.openqa.selenium.remote.RemoteWebDriver.&lt;init&gt;(RemoteWebDriver.java:119)
	at org.openqa.selenium.firefox.FirefoxDriver.&lt;init&gt;(FirefoxDriver.java:216)
	at org.openqa.selenium.firefox.FirefoxDriver.&lt;init&gt;(FirefoxDriver.java:211)
	at org.openqa.selenium.firefox.FirefoxDriver.&lt;init&gt;(FirefoxDriver.java:207)
	at org.openqa.selenium.firefox.FirefoxDriver.&lt;init&gt;(FirefoxDriver.java:120)
	at com.epam.java.khokholko_tatiana.framework.ui.Driver.getWebDriverInstance(Driver.java:14)
	at com.epam.java.khokholko_tatiana.framework.YandexTest.startBrowser(YandexTest.java:46)
	at sun.reflect.NativeMethodAccessorImpl.invoke0(Native Method)
	at sun.reflect.NativeMethodAccessorImpl.invoke(Unknown Source)
	at sun.reflect.DelegatingMethodAccessorImpl.invoke(Unknown Source)
	at java.lang.reflect.Method.invoke(Unknown Source)
	at org.testng.internal.MethodInvocationHelper.invokeMethod(MethodInvocationHelper.java:86)
	at org.testng.internal.Invoker.invokeConfigurationMethod(Invoker.java:514)
	at org.testng.internal.Invoker.invokeConfigurations(Invoker.java:215)
	at org.testng.internal.Invoker.invokeConfigurations(Invoker.java:142)
	at org.testng.TestRunner.beforeRun(TestRunner.java:656)
	at org.testng.TestRunner.run(TestRunner.java:624)
	at org.testng.SuiteRunner.runTest(SuiteRunner.java:366)
	at org.testng.SuiteRunner.runSequentially(SuiteRunner.java:361)
	at org.testng.SuiteRunner.privateRun(SuiteRunner.java:319)
	at org.testng.SuiteRunner.run(SuiteRunner.java:268)
	at org.testng.SuiteRunnerWorker.runSuite(SuiteRunnerWorker.java:52)
	at org.testng.SuiteRunnerWorker.run(SuiteRunnerWorker.java:86)
	at org.testng.TestNG.runSuitesSequentially(TestNG.java:1244)
	at org.testng.TestNG.runSuitesLocally(TestNG.java:1169)
	at org.testng.TestNG.run(TestNG.java:1064)
	at com.epam.java.khokholko_tatiana.framework.runner.Runner.run(Runner.java:39)
	at com.epam.java.khokholko_tatiana.framework.runner.Runner.main(Runner.java:17)
Caused by: org.openqa.selenium.firefox.NotConnectedException: Unable to connect to host 127.0.0.1 on port 7055 after 45000 ms. Firefox console output:
DEBUG	getModTime: Recursive scan of {972ce4c6-7e08-4474-a285-3208198ce6fd}
1473072762158	DeferredSave.extensions.json	DEBUG	Save changes
1473072762158	addons.xpi	DEBUG	Updating database with changes to installed add-ons
1473072762158	addons.xpi-utils	DEBUG	Updating add-on states
1473072762158	addons.xpi-utils	DEBUG	Writing add-ons list
1473072762160	addons.xpi	DEBUG	Registering manifest for C:\Program Files\Mozilla Firefox\browser\features\e10srollout@mozilla.org.xpi
1473072762160	addons.xpi	DEBUG	Calling bootstrap method startup on e10srollout@mozilla.org version 1.0
1473072762160	addons.xpi	DEBUG	Registering manifest for C:\Program Files\Mozilla Firefox\browser\features\firefox@getpocket.com.xpi
1473072762161	addons.xpi	DEBUG	Calling bootstrap method startup on firefox@getpocket.com version 1.0.2
1473072762161	addons.xpi	DEBUG	Registering manifest for C:\Program Files\Mozilla Firefox\browser\features\loop@mozilla.org.xpi
1473072762162	addons.xpi	DEBUG	Calling bootstrap method startup on loop@mozilla.org version 1.3.2
1473072762172	addons.manager	DEBUG	Registering shutdown blocker for XPIProvider
1473072762172	addons.manager	DEBUG	Provider finished startup: XPIProvider
1473072762172	addons.manager	DEBUG	Starting provider: LightweightThemeManager
1473072762172	addons.manager	DEBUG	Registering shutdown blocker for LightweightThemeManager
1473072762173	addons.manager	DEBUG	Provider finished startup: LightweightThemeManager
1473072762173	addons.manager	DEBUG	Starting provider: GMPProvider
1473072762176	addons.manager	DEBUG	Registering shutdown blocker for GMPProvider
1473072762177	addons.manager	DEBUG	Provider finished startup: GMPProvider
1473072762177	addons.manager	DEBUG	Starting provider: PluginProvider
1473072762177	addons.manager	DEBUG	Registering shutdown blocker for PluginProvider
1473072762177	addons.manager	DEBUG	Provider finished startup: PluginProvider
1473072762177	addons.manager	DEBUG	Completed startup sequence
1473072762490	addons.manager	DEBUG	Starting provider: &lt;unnamed-provider&gt;
1473072762490	addons.manager	DEBUG	Registering shutdown blocker for &lt;unnamed-provider&gt;
1473072762490	addons.manager	DEBUG	Provider finished startup: &lt;unnamed-provider&gt;
1473072762491	DeferredSave.extensions.json	DEBUG	Starting write
1473072762670	addons.repository	DEBUG	No addons.json found.
1473072762671	DeferredSave.addons.json	DEBUG	Save changes
1473072762672	DeferredSave.addons.json	DEBUG	Starting timer
1473072762686	addons.manager	DEBUG	Starting provider: PreviousExperimentProvider
1473072762686	addons.manager	DEBUG	Registering shutdown blocker for PreviousExperimentProvider
1473072762686	addons.manager	DEBUG	Provider finished startup: PreviousExperimentProvider
1473072762687	DeferredSave.extensions.json	DEBUG	Write succeeded
1473072762687	addons.xpi-utils	DEBUG	XPI Database saved, setting schema version preference to 17
1473072762723	DeferredSave.addons.json	DEBUG	Starting write
1473072762755	DeferredSave.addons.json	DEBUG	Write succeeded
1473072773436	addons.xpi	DEBUG	Calling bootstrap method shutdown on e10srollout@mozilla.org version 1.0
1473072773437	addons.xpi	DEBUG	Calling bootstrap method shutdown on firefox@getpocket.com version 1.0.2
1473072773437	addons.xpi	DEBUG	Calling bootstrap method shutdown on loop@mozilla.org version 1.3.2
1473072773537	addons.manager	DEBUG	shutdown
1473072773537	addons.manager	DEBUG	Calling shutdown blocker for XPIProvider
1473072773537	addons.xpi	DEBUG	shutdown
1473072773537	addons.xpi-utils	DEBUG	shutdown
1473072773538	addons.manager	DEBUG	Calling shutdown blocker for LightweightThemeManager
1473072773538	addons.manager	DEBUG	Calling shutdown blocker for GMPProvider
1473072773539	addons.manager	DEBUG	Calling shutdown blocker for PluginProvider
1473072773539	addons.manager	DEBUG	Calling shutdown blocker for &lt;unnamed-provider&gt;
1473072773540	addons.manager	DEBUG	Calling shutdown blocker for PreviousExperimentProvider
1473072773543	addons.xpi	DEBUG	Notifying XPI shutdown observers
1473072773545	addons.manager	DEBUG	Async provider shutdown done

	at org.openqa.selenium.firefox.internal.NewProfileExtensionConnection.start(NewProfileExtensionConnection.java:113)
	... 29 more
</pre></div></td>
<td>0</td>
<td>null</td></tr>
</table><p>
<table width='100%' border='1' class='invocation-skipped'>
<tr><td colspan='4' align='center'><b>SKIPPED CONFIGURATIONS</b></td></tr>
<tr><td><b>Test method</b></td>
<td width="30%"><b>Exception</b></td>
<td width="10%"><b>Time (seconds)</b></td>
<td><b>Instance</b></td>
</tr>
<tr>
<td title='com.epam.java.khokholko_tatiana.framework.YandexTest.closeBrowser()'><b>closeBrowser</b><br>Test class: com.epam.java.khokholko_tatiana.framework.YandexTest</td>
<td></td>
<td>0</td>
<td>null</td></tr>
</table><p>
<table width='100%' border='1' class='invocation-skipped'>
<tr><td colspan='4' align='center'><b>SKIPPED TESTS</b></td></tr>
<tr><td><b>Test method</b></td>
<td width="30%"><b>Exception</b></td>
<td width="10%"><b>Time (seconds)</b></td>
<td><b>Instance</b></td>
</tr>
<tr>
<td title='com.epam.java.khokholko_tatiana.framework.YandexTest.checkSentMails()'><b>checkSentMails</b><br>Test class: com.epam.java.khokholko_tatiana.framework.YandexTest</td>
<td><div><pre>java.lang.Throwable: Method YandexTest.checkSentMails(com.epam.java.khokholko_tatiana.framework.businessobject.Letter)[pri:0, instance:com.epam.java.khokholko_tatiana.framework.YandexTest@77b52d12] depends on not successfully finished methods
	at com.epam.java.khokholko_tatiana.framework.runner.Runner.run(Runner.java:39)
	at com.epam.java.khokholko_tatiana.framework.runner.Runner.main(Runner.java:17)
... Removed 14 stack frames</pre></div><a href='#' onClick='toggleBox("stack-trace324457684", this, "Click to show all stack frames", "Click to hide stack frames")'>Click to show all stack frames</a>
<div class='stack-trace' id='stack-trace324457684'><pre>java.lang.Throwable: Method YandexTest.checkSentMails(com.epam.java.khokholko_tatiana.framework.businessobject.Letter)[pri:0, instance:com.epam.java.khokholko_tatiana.framework.YandexTest@77b52d12] depends on not successfully finished methods
	at org.testng.internal.Invoker.invokeTestMethods(Invoker.java:1037)
	at org.testng.internal.TestMethodWorker.invokeTestMethods(TestMethodWorker.java:129)
	at org.testng.internal.TestMethodWorker.run(TestMethodWorker.java:112)
	at org.testng.TestRunner.privateRun(TestRunner.java:782)
	at org.testng.TestRunner.run(TestRunner.java:632)
	at org.testng.SuiteRunner.runTest(SuiteRunner.java:366)
	at org.testng.SuiteRunner.runSequentially(SuiteRunner.java:361)
	at org.testng.SuiteRunner.privateRun(SuiteRunner.java:319)
	at org.testng.SuiteRunner.run(SuiteRunner.java:268)
	at org.testng.SuiteRunnerWorker.runSuite(SuiteRunnerWorker.java:52)
	at org.testng.SuiteRunnerWorker.run(SuiteRunnerWorker.java:86)
	at org.testng.TestNG.runSuitesSequentially(TestNG.java:1244)
	at org.testng.TestNG.runSuitesLocally(TestNG.java:1169)
	at org.testng.TestNG.run(TestNG.java:1064)
	at com.epam.java.khokholko_tatiana.framework.runner.Runner.run(Runner.java:39)
	at com.epam.java.khokholko_tatiana.framework.runner.Runner.main(Runner.java:17)
</pre></div></td>
<td>0</td>
<td>null</td></tr>
<tr>
<td title='com.epam.java.khokholko_tatiana.framework.YandexTest.discardDrafts()'><b>discardDrafts</b><br>Test class: com.epam.java.khokholko_tatiana.framework.YandexTest</td>
<td><div><pre>java.lang.Throwable: Method YandexTest.discardDrafts()[pri:0, instance:com.epam.java.khokholko_tatiana.framework.YandexTest@77b52d12] depends on not successfully finished methods
	at com.epam.java.khokholko_tatiana.framework.runner.Runner.run(Runner.java:39)
	at com.epam.java.khokholko_tatiana.framework.runner.Runner.main(Runner.java:17)
... Removed 14 stack frames</pre></div><a href='#' onClick='toggleBox("stack-trace1016363973", this, "Click to show all stack frames", "Click to hide stack frames")'>Click to show all stack frames</a>
<div class='stack-trace' id='stack-trace1016363973'><pre>java.lang.Throwable: Method YandexTest.discardDrafts()[pri:0, instance:com.epam.java.khokholko_tatiana.framework.YandexTest@77b52d12] depends on not successfully finished methods
	at org.testng.internal.Invoker.invokeTestMethods(Invoker.java:1037)
	at org.testng.internal.TestMethodWorker.invokeTestMethods(TestMethodWorker.java:129)
	at org.testng.internal.TestMethodWorker.run(TestMethodWorker.java:112)
	at org.testng.TestRunner.privateRun(TestRunner.java:782)
	at org.testng.TestRunner.run(TestRunner.java:632)
	at org.testng.SuiteRunner.runTest(SuiteRunner.java:366)
	at org.testng.SuiteRunner.runSequentially(SuiteRunner.java:361)
	at org.testng.SuiteRunner.privateRun(SuiteRunner.java:319)
	at org.testng.SuiteRunner.run(SuiteRunner.java:268)
	at org.testng.SuiteRunnerWorker.runSuite(SuiteRunnerWorker.java:52)
	at org.testng.SuiteRunnerWorker.run(SuiteRunnerWorker.java:86)
	at org.testng.TestNG.runSuitesSequentially(TestNG.java:1244)
	at org.testng.TestNG.runSuitesLocally(TestNG.java:1169)
	at org.testng.TestNG.run(TestNG.java:1064)
	at com.epam.java.khokholko_tatiana.framework.runner.Runner.run(Runner.java:39)
	at com.epam.java.khokholko_tatiana.framework.runner.Runner.main(Runner.java:17)
</pre></div></td>
<td>0</td>
<td>null</td></tr>
<tr>
<td title='com.epam.java.khokholko_tatiana.framework.YandexTest.discardSentLetters()'><b>discardSentLetters</b><br>Test class: com.epam.java.khokholko_tatiana.framework.YandexTest</td>
<td><div><pre>java.lang.Throwable: Method YandexTest.discardSentLetters()[pri:0, instance:com.epam.java.khokholko_tatiana.framework.YandexTest@77b52d12] depends on not successfully finished methods
	at com.epam.java.khokholko_tatiana.framework.runner.Runner.run(Runner.java:39)
	at com.epam.java.khokholko_tatiana.framework.runner.Runner.main(Runner.java:17)
... Removed 14 stack frames</pre></div><a href='#' onClick='toggleBox("stack-trace201576232", this, "Click to show all stack frames", "Click to hide stack frames")'>Click to show all stack frames</a>
<div class='stack-trace' id='stack-trace201576232'><pre>java.lang.Throwable: Method YandexTest.discardSentLetters()[pri:0, instance:com.epam.java.khokholko_tatiana.framework.YandexTest@77b52d12] depends on not successfully finished methods
	at org.testng.internal.Invoker.invokeTestMethods(Invoker.java:1037)
	at org.testng.internal.TestMethodWorker.invokeTestMethods(TestMethodWorker.java:129)
	at org.testng.internal.TestMethodWorker.run(TestMethodWorker.java:112)
	at org.testng.TestRunner.privateRun(TestRunner.java:782)
	at org.testng.TestRunner.run(TestRunner.java:632)
	at org.testng.SuiteRunner.runTest(SuiteRunner.java:366)
	at org.testng.SuiteRunner.runSequentially(SuiteRunner.java:361)
	at org.testng.SuiteRunner.privateRun(SuiteRunner.java:319)
	at org.testng.SuiteRunner.run(SuiteRunner.java:268)
	at org.testng.SuiteRunnerWorker.runSuite(SuiteRunnerWorker.java:52)
	at org.testng.SuiteRunnerWorker.run(SuiteRunnerWorker.java:86)
	at org.testng.TestNG.runSuitesSequentially(TestNG.java:1244)
	at org.testng.TestNG.runSuitesLocally(TestNG.java:1169)
	at org.testng.TestNG.run(TestNG.java:1064)
	at com.epam.java.khokholko_tatiana.framework.runner.Runner.run(Runner.java:39)
	at com.epam.java.khokholko_tatiana.framework.runner.Runner.main(Runner.java:17)
</pre></div></td>
<td>0</td>
<td>null</td></tr>
<tr>
<td title='com.epam.java.khokholko_tatiana.framework.YandexTest.exit()'><b>exit</b><br>Test class: com.epam.java.khokholko_tatiana.framework.YandexTest</td>
<td><div><pre>java.lang.Throwable: Method YandexTest.exit()[pri:0, instance:com.epam.java.khokholko_tatiana.framework.YandexTest@77b52d12] depends on not successfully finished methods
	at com.epam.java.khokholko_tatiana.framework.runner.Runner.run(Runner.java:39)
	at com.epam.java.khokholko_tatiana.framework.runner.Runner.main(Runner.java:17)
... Removed 14 stack frames</pre></div><a href='#' onClick='toggleBox("stack-trace20094719", this, "Click to show all stack frames", "Click to hide stack frames")'>Click to show all stack frames</a>
<div class='stack-trace' id='stack-trace20094719'><pre>java.lang.Throwable: Method YandexTest.exit()[pri:0, instance:com.epam.java.khokholko_tatiana.framework.YandexTest@77b52d12] depends on not successfully finished methods
	at org.testng.internal.Invoker.invokeTestMethods(Invoker.java:1037)
	at org.testng.internal.TestMethodWorker.invokeTestMethods(TestMethodWorker.java:129)
	at org.testng.internal.TestMethodWorker.run(TestMethodWorker.java:112)
	at org.testng.TestRunner.privateRun(TestRunner.java:782)
	at org.testng.TestRunner.run(TestRunner.java:632)
	at org.testng.SuiteRunner.runTest(SuiteRunner.java:366)
	at org.testng.SuiteRunner.runSequentially(SuiteRunner.java:361)
	at org.testng.SuiteRunner.privateRun(SuiteRunner.java:319)
	at org.testng.SuiteRunner.run(SuiteRunner.java:268)
	at org.testng.SuiteRunnerWorker.runSuite(SuiteRunnerWorker.java:52)
	at org.testng.SuiteRunnerWorker.run(SuiteRunnerWorker.java:86)
	at org.testng.TestNG.runSuitesSequentially(TestNG.java:1244)
	at org.testng.TestNG.runSuitesLocally(TestNG.java:1169)
	at org.testng.TestNG.run(TestNG.java:1064)
	at com.epam.java.khokholko_tatiana.framework.runner.Runner.run(Runner.java:39)
	at com.epam.java.khokholko_tatiana.framework.runner.Runner.main(Runner.java:17)
</pre></div></td>
<td>0</td>
<td>null</td></tr>
<tr>
<td title='com.epam.java.khokholko_tatiana.framework.YandexTest.letterDraftsCheck()'><b>letterDraftsCheck</b><br>Test class: com.epam.java.khokholko_tatiana.framework.YandexTest</td>
<td><div><pre>java.lang.Throwable: Method YandexTest.letterDraftsCheck(com.epam.java.khokholko_tatiana.framework.businessobject.Letter)[pri:0, instance:com.epam.java.khokholko_tatiana.framework.YandexTest@77b52d12] depends on not successfully finished methods
	at com.epam.java.khokholko_tatiana.framework.runner.Runner.run(Runner.java:39)
	at com.epam.java.khokholko_tatiana.framework.runner.Runner.main(Runner.java:17)
... Removed 14 stack frames</pre></div><a href='#' onClick='toggleBox("stack-trace1620948027", this, "Click to show all stack frames", "Click to hide stack frames")'>Click to show all stack frames</a>
<div class='stack-trace' id='stack-trace1620948027'><pre>java.lang.Throwable: Method YandexTest.letterDraftsCheck(com.epam.java.khokholko_tatiana.framework.businessobject.Letter)[pri:0, instance:com.epam.java.khokholko_tatiana.framework.YandexTest@77b52d12] depends on not successfully finished methods
	at org.testng.internal.Invoker.invokeTestMethods(Invoker.java:1037)
	at org.testng.internal.TestMethodWorker.invokeTestMethods(TestMethodWorker.java:129)
	at org.testng.internal.TestMethodWorker.run(TestMethodWorker.java:112)
	at org.testng.TestRunner.privateRun(TestRunner.java:782)
	at org.testng.TestRunner.run(TestRunner.java:632)
	at org.testng.SuiteRunner.runTest(SuiteRunner.java:366)
	at org.testng.SuiteRunner.runSequentially(SuiteRunner.java:361)
	at org.testng.SuiteRunner.privateRun(SuiteRunner.java:319)
	at org.testng.SuiteRunner.run(SuiteRunner.java:268)
	at org.testng.SuiteRunnerWorker.runSuite(SuiteRunnerWorker.java:52)
	at org.testng.SuiteRunnerWorker.run(SuiteRunnerWorker.java:86)
	at org.testng.TestNG.runSuitesSequentially(TestNG.java:1244)
	at org.testng.TestNG.runSuitesLocally(TestNG.java:1169)
	at org.testng.TestNG.run(TestNG.java:1064)
	at com.epam.java.khokholko_tatiana.framework.runner.Runner.run(Runner.java:39)
	at com.epam.java.khokholko_tatiana.framework.runner.Runner.main(Runner.java:17)
</pre></div></td>
<td>0</td>
<td>null</td></tr>
<tr>
<td title='com.epam.java.khokholko_tatiana.framework.YandexTest.loginTest()'><b>loginTest</b><br>Test class: com.epam.java.khokholko_tatiana.framework.YandexTest</td>
<td></td>
<td>0</td>
<td>com.epam.java.khokholko_tatiana.framework.YandexTest@77b52d12</td></tr>
<tr>
<td title='com.epam.java.khokholko_tatiana.framework.YandexTest.writeLetterDrafts()'><b>writeLetterDrafts</b><br>Test class: com.epam.java.khokholko_tatiana.framework.YandexTest</td>
<td><div><pre>java.lang.Throwable: Method YandexTest.writeLetterDrafts(com.epam.java.khokholko_tatiana.framework.businessobject.Letter)[pri:0, instance:com.epam.java.khokholko_tatiana.framework.YandexTest@77b52d12] depends on not successfully finished methods
	at com.epam.java.khokholko_tatiana.framework.runner.Runner.run(Runner.java:39)
	at com.epam.java.khokholko_tatiana.framework.runner.Runner.main(Runner.java:17)
... Removed 14 stack frames</pre></div><a href='#' onClick='toggleBox("stack-trace1431467659", this, "Click to show all stack frames", "Click to hide stack frames")'>Click to show all stack frames</a>
<div class='stack-trace' id='stack-trace1431467659'><pre>java.lang.Throwable: Method YandexTest.writeLetterDrafts(com.epam.java.khokholko_tatiana.framework.businessobject.Letter)[pri:0, instance:com.epam.java.khokholko_tatiana.framework.YandexTest@77b52d12] depends on not successfully finished methods
	at org.testng.internal.Invoker.invokeTestMethods(Invoker.java:1037)
	at org.testng.internal.TestMethodWorker.invokeTestMethods(TestMethodWorker.java:129)
	at org.testng.internal.TestMethodWorker.run(TestMethodWorker.java:112)
	at org.testng.TestRunner.privateRun(TestRunner.java:782)
	at org.testng.TestRunner.run(TestRunner.java:632)
	at org.testng.SuiteRunner.runTest(SuiteRunner.java:366)
	at org.testng.SuiteRunner.runSequentially(SuiteRunner.java:361)
	at org.testng.SuiteRunner.privateRun(SuiteRunner.java:319)
	at org.testng.SuiteRunner.run(SuiteRunner.java:268)
	at org.testng.SuiteRunnerWorker.runSuite(SuiteRunnerWorker.java:52)
	at org.testng.SuiteRunnerWorker.run(SuiteRunnerWorker.java:86)
	at org.testng.TestNG.runSuitesSequentially(TestNG.java:1244)
	at org.testng.TestNG.runSuitesLocally(TestNG.java:1169)
	at org.testng.TestNG.run(TestNG.java:1064)
	at com.epam.java.khokholko_tatiana.framework.runner.Runner.run(Runner.java:39)
	at com.epam.java.khokholko_tatiana.framework.runner.Runner.main(Runner.java:17)
</pre></div></td>
<td>0</td>
<td>null</td></tr>
<tr>
<td title='com.epam.java.khokholko_tatiana.framework.YandexTest.yandexSendLetter()'><b>yandexSendLetter</b><br>Test class: com.epam.java.khokholko_tatiana.framework.YandexTest</td>
<td><div><pre>java.lang.Throwable: Method YandexTest.yandexSendLetter(com.epam.java.khokholko_tatiana.framework.businessobject.Letter)[pri:0, instance:com.epam.java.khokholko_tatiana.framework.YandexTest@77b52d12] depends on not successfully finished methods
	at com.epam.java.khokholko_tatiana.framework.runner.Runner.run(Runner.java:39)
	at com.epam.java.khokholko_tatiana.framework.runner.Runner.main(Runner.java:17)
... Removed 14 stack frames</pre></div><a href='#' onClick='toggleBox("stack-trace1442191055", this, "Click to show all stack frames", "Click to hide stack frames")'>Click to show all stack frames</a>
<div class='stack-trace' id='stack-trace1442191055'><pre>java.lang.Throwable: Method YandexTest.yandexSendLetter(com.epam.java.khokholko_tatiana.framework.businessobject.Letter)[pri:0, instance:com.epam.java.khokholko_tatiana.framework.YandexTest@77b52d12] depends on not successfully finished methods
	at org.testng.internal.Invoker.invokeTestMethods(Invoker.java:1037)
	at org.testng.internal.TestMethodWorker.invokeTestMethods(TestMethodWorker.java:129)
	at org.testng.internal.TestMethodWorker.run(TestMethodWorker.java:112)
	at org.testng.TestRunner.privateRun(TestRunner.java:782)
	at org.testng.TestRunner.run(TestRunner.java:632)
	at org.testng.SuiteRunner.runTest(SuiteRunner.java:366)
	at org.testng.SuiteRunner.runSequentially(SuiteRunner.java:361)
	at org.testng.SuiteRunner.privateRun(SuiteRunner.java:319)
	at org.testng.SuiteRunner.run(SuiteRunner.java:268)
	at org.testng.SuiteRunnerWorker.runSuite(SuiteRunnerWorker.java:52)
	at org.testng.SuiteRunnerWorker.run(SuiteRunnerWorker.java:86)
	at org.testng.TestNG.runSuitesSequentially(TestNG.java:1244)
	at org.testng.TestNG.runSuitesLocally(TestNG.java:1169)
	at org.testng.TestNG.run(TestNG.java:1064)
	at com.epam.java.khokholko_tatiana.framework.runner.Runner.run(Runner.java:39)
	at com.epam.java.khokholko_tatiana.framework.runner.Runner.main(Runner.java:17)
</pre></div></td>
<td>0</td>
<td>null</td></tr>
</table><p>
</body>
</html>